        -:    0:Source:test.c
        -:    0:Graph:test.gcno
        -:    0:Data:test.gcda
        -:    0:Runs:1
        -:    0:Programs:1
        -:    1:#include <stdio.h>
        -:    2:
        -:    3:// void hello(void) { printf("Hello, World!\n"); }
        -:    4:
        1:    5:int main() {
        1:    6:  long a = 0;
        1:    7:  if (0 == a) {
        1:    8:    printf("it is l1\n");
        -:    9:  } else {
    #####:   10:    printf("helloworld\n");
        -:   11:  }
        1:   12:  return 0;
        -:   13:}
